<?xml version="1.0" encoding="UTF-8"?>
<!-- Generated by org.testng.reporters.JUnitReportReporter -->
<testsuite hostname="zhangyin-PC" name="com.eCommunity.seleniumtest.CellFileSearch" tests="1" failures="0" timestamp="11 Apr 2016 06:08:10 GMT" time="0.714" errors="0">
  <testcase name="testCellFileSearch" time="0.714" classname="com.eCommunity.seleniumtest.CellFileSearch"/>
</testsuite> <!-- com.eCommunity.seleniumtest.CellFileSearch -->
